<?xml version="1.0" encoding="UTF-8"?>
<testng-results skipped="0" failed="0" ignored="0" total="1" passed="1">
  <reporter-output>
  </reporter-output>
  <suite name="Default suite" duration-ms="81167" started-at="2020-03-12T08:11:24Z" finished-at="2020-03-12T08:12:45Z">
    <groups>
    </groups>
    <test name="Default test" duration-ms="81167" started-at="2020-03-12T08:11:24Z" finished-at="2020-03-12T08:12:45Z">
      <class name="com.cts.tests.ExploreTest">
        <test-method status="PASS" signature="browserOpening()[pri:0, instance:com.cts.tests.ExploreTest@50c87b21]" name="browserOpening" is-config="true" duration-ms="34945" started-at="2020-03-12T08:11:24Z" finished-at="2020-03-12T08:11:59Z">
          <reporter-output>
          </reporter-output>
        </test-method> <!-- browserOpening -->
        <test-method status="PASS" signature="exploreCruisesToAlaskaTest()[pri:0, instance:com.cts.tests.ExploreTest@50c87b21]" name="exploreCruisesToAlaskaTest" duration-ms="43708" started-at="2020-03-12T08:11:59Z" finished-at="2020-03-12T08:12:43Z">
          <reporter-output>
          </reporter-output>
        </test-method> <!-- exploreCruisesToAlaskaTest -->
        <test-method status="PASS" signature="browserClosing()[pri:0, instance:com.cts.tests.ExploreTest@50c87b21]" name="browserClosing" is-config="true" duration-ms="2449" started-at="2020-03-12T08:12:43Z" finished-at="2020-03-12T08:12:45Z">
          <reporter-output>
          </reporter-output>
        </test-method> <!-- browserClosing -->
      </class> <!-- com.cts.tests.ExploreTest -->
    </test> <!-- Default test -->
  </suite> <!-- Default suite -->
</testng-results>
